Processing...
Done!
Processing...
Done!
Loading tokens from file
Loading encodings from file
Epoch 0 - Loss: 0.00037249832530505955 (25.00s)
Epoch 1 - Loss: 0.00035125509020872414 (24.48s)
Epoch 2 - Loss: 0.0003230527800042182 (24.71s)
Epoch 3 - Loss: 0.00033455295488238335 (24.50s)
Epoch 4 - Loss: 0.0002882427361328155 (24.61s)
Epoch 5 - Loss: 0.0002705342776607722 (24.58s)
Epoch 6 - Loss: 0.00026861095102503896 (24.64s)
Epoch 7 - Loss: 0.00023852243612054735 (24.60s)
Epoch 8 - Loss: 0.00025056544109247625 (24.58s)
Epoch 9 - Loss: 0.00023743695055600256 (24.75s)
Epoch 10 - Loss: 0.00020380956993903965 (24.52s)
Epoch 11 - Loss: 0.0002034919016296044 (24.63s)
Epoch 12 - Loss: 0.00019276865350548178 (24.57s)
Epoch 13 - Loss: 0.00018890212231781334 (24.57s)
Epoch 14 - Loss: 0.0001867605169536546 (24.58s)
Epoch 15 - Loss: 0.000174486922333017 (24.58s)
Epoch 16 - Loss: 0.00015115908172447234 (24.59s)
Epoch 17 - Loss: 0.00016030465485528111 (24.69s)
Epoch 18 - Loss: 0.00016286330355796963 (24.65s)
Epoch 19 - Loss: 0.00014907466538716108 (24.63s)
Epoch 20 - Loss: 0.00014517968520522118 (24.49s)
Epoch 21 - Loss: 0.00015489317593164742 (24.59s)
Epoch 22 - Loss: 0.00018460128922015429 (24.40s)
Epoch 23 - Loss: 0.00019313274242449552 (24.69s)
Epoch 24 - Loss: 0.0001845528749981895 (24.66s)
Epoch 25 - Loss: 0.00017585141176823527 (24.59s)
Epoch 26 - Loss: 0.000154974521137774 (24.50s)
Epoch 27 - Loss: 0.00014653010293841362 (24.74s)
Epoch 28 - Loss: 0.0001537318603368476 (24.64s)
Epoch 29 - Loss: 0.0001391643745591864 (24.50s)
Epoch 30 - Loss: 0.00014949864998925477 (24.61s)
Epoch 31 - Loss: 0.00014292399282567203 (24.66s)
Epoch 32 - Loss: 0.00012554846762213856 (24.64s)
Epoch 33 - Loss: 0.0001249147462658584 (24.48s)
Epoch 34 - Loss: 0.00013026433589402586 (24.60s)
Epoch 35 - Loss: 0.00013146057608537376 (24.40s)
Epoch 36 - Loss: 0.00013201584806665778 (25.09s)
Epoch 37 - Loss: 0.00014310133701656014 (25.04s)
Epoch 38 - Loss: 0.0001421331544406712 (25.01s)
Epoch 39 - Loss: 0.00014142956933937967 (24.91s)
Epoch 40 - Loss: 0.00014912188635207713 (24.80s)
Epoch 41 - Loss: 0.0001414649304933846 (24.63s)
Epoch 42 - Loss: 0.00012073638936271891 (24.53s)
Epoch 43 - Loss: 0.00010735016985563561 (24.63s)
Epoch 44 - Loss: 0.00011069202446378767 (24.55s)
Epoch 45 - Loss: 0.0001238932163687423 (24.47s)
Epoch 46 - Loss: 0.00012687829439528286 (24.69s)
Epoch 47 - Loss: 0.0001203452266054228 (24.63s)
Epoch 48 - Loss: 0.00012821149721276015 (24.54s)
Epoch 49 - Loss: 0.00011994646047241986 (24.58s)
Epoch 50 - Loss: 0.00011196293780812994 (24.72s)
Epoch 51 - Loss: 0.0001098468346754089 (24.57s)
Epoch 52 - Loss: 0.00012444918684195727 (24.60s)
Epoch 53 - Loss: 0.0001129869488067925 (24.55s)
Epoch 54 - Loss: 0.00010096404002979398 (24.72s)
Epoch 55 - Loss: 0.00011023539991583675 (24.47s)
Epoch 56 - Loss: 0.00010641510016284883 (24.54s)
Epoch 57 - Loss: 9.719939407659695e-05 (24.73s)
Epoch 58 - Loss: 9.835253877099603e-05 (24.46s)
Epoch 59 - Loss: 0.00010674912482500076 (24.55s)
Epoch 60 - Loss: 9.854580275714397e-05 (24.71s)
Epoch 61 - Loss: 9.25760468817316e-05 (24.56s)
Epoch 62 - Loss: 9.729716839501634e-05 (24.45s)
Epoch 63 - Loss: 0.00011536957026692107 (24.66s)
Epoch 64 - Loss: 0.00010701706924010068 (24.62s)
Epoch 65 - Loss: 9.459934517508373e-05 (24.46s)
Epoch 66 - Loss: 9.936633432516828e-05 (24.56s)
Epoch 67 - Loss: 8.863019320415333e-05 (24.70s)
Epoch 68 - Loss: 8.81600208231248e-05 (24.44s)
Epoch 69 - Loss: 9.156633313978091e-05 (24.56s)
Epoch 70 - Loss: 8.439122029813007e-05 (24.61s)
Epoch 71 - Loss: 8.459499076707289e-05 (24.52s)
Epoch 72 - Loss: 9.59408498601988e-05 (24.53s)
Epoch 73 - Loss: 8.314125443575904e-05 (24.62s)
Epoch 74 - Loss: 8.640465239295736e-05 (24.44s)
Epoch 75 - Loss: 8.272143168142065e-05 (24.67s)
Epoch 76 - Loss: 7.935046596685424e-05 (24.44s)
Epoch 77 - Loss: 9.098272857954726e-05 (24.57s)
Epoch 78 - Loss: 9.508342191111296e-05 (24.62s)
Epoch 79 - Loss: 8.313953730976209e-05 (24.60s)
Epoch 80 - Loss: 8.224081102525815e-05 (24.47s)
Epoch 81 - Loss: 7.970790466060862e-05 (24.60s)
Epoch 82 - Loss: 6.967889203224331e-05 (24.61s)
Epoch 83 - Loss: 7.054217712720856e-05 (24.52s)
Epoch 84 - Loss: 7.88473553257063e-05 (24.57s)
Epoch 85 - Loss: 8.213233377318829e-05 (24.68s)
Epoch 86 - Loss: 7.901573553681374e-05 (24.53s)
Epoch 87 - Loss: 7.574674236821011e-05 (24.54s)
Epoch 88 - Loss: 8.438494114670902e-05 (24.50s)
Epoch 89 - Loss: 8.303693903144449e-05 (24.67s)
Epoch 90 - Loss: 7.172774348873645e-05 (24.51s)
Epoch 91 - Loss: 6.85497434460558e-05 (24.54s)
Epoch 92 - Loss: 7.41088151698932e-05 (24.59s)
Epoch 93 - Loss: 8.150573557941243e-05 (24.57s)
Epoch 94 - Loss: 7.061397627694532e-05 (24.52s)
Epoch 95 - Loss: 6.102960469434038e-05 (24.44s)
Epoch 96 - Loss: 6.159258191473782e-05 (24.55s)
Epoch 97 - Loss: 6.713305629091337e-05 (24.44s)
Epoch 98 - Loss: 7.5076924986206e-05 (24.60s)
Epoch 99 - Loss: 8.314260048791766e-05 (24.70s)
Loading tokens from file
Loading encodings from file
Total evaluation time: 3633.21s (0.08 s/item)
Mean Rank: 17342.109143030273
Hits@1: 0.0003962057473139581
Hits@3: 0.0007691052741976834
Hits@10: 0.0018644976344186263
Done
